2025-04-29 10:48:52,449 - INFO - Succesfully read the YAML file
2025-04-29 10:48:52,450 - INFO - Data Ingestion Started....
2025-04-29 10:48:52,450 - INFO - Starting Data Ingestion Process....
2025-04-29 10:48:55,499 - WARNING - Compute Engine Metadata server unavailable on attempt 1 of 3. Reason: timed out
2025-04-29 10:48:59,465 - WARNING - Compute Engine Metadata server unavailable on attempt 2 of 3. Reason: timed out
2025-04-29 10:49:04,581 - WARNING - Compute Engine Metadata server unavailable on attempt 3 of 3. Reason: timed out
2025-04-29 10:49:04,581 - WARNING - Authentication failed using Compute Engine authentication due to unavailable metadata server.
2025-04-29 10:49:04,583 - ERROR - Error while downloading data from GCP
2025-04-29 10:49:04,583 - ERROR - CustomException : Failed to download data | Error: Your default credentials were not found. To set up Application Default Credentials, see https://cloud.google.com/docs/authentication/external/set-up-adc for more information. | File: C:\All_SF\mlop\animerecom\src\data_ingestion.py | Line: 24
2025-04-29 10:49:04,583 - INFO - Data Ingestion DONE...
2025-04-29 10:56:31,592 - INFO - Succesfully read the YAML file
2025-04-29 10:56:31,594 - INFO - Data Ingestion Started....
2025-04-29 10:56:31,594 - INFO - Starting Data Ingestion Process....
2025-04-29 10:56:34,605 - WARNING - Compute Engine Metadata server unavailable on attempt 1 of 3. Reason: timed out
2025-04-29 10:56:38,605 - WARNING - Compute Engine Metadata server unavailable on attempt 2 of 3. Reason: timed out
2025-04-29 10:56:43,710 - WARNING - Compute Engine Metadata server unavailable on attempt 3 of 3. Reason: timed out
2025-04-29 10:56:43,710 - WARNING - Authentication failed using Compute Engine authentication due to unavailable metadata server.
2025-04-29 10:56:43,710 - ERROR - Error while downloading data from GCP
2025-04-29 10:56:43,711 - ERROR - CustomException : Failed to download data | Error: Your default credentials were not found. To set up Application Default Credentials, see https://cloud.google.com/docs/authentication/external/set-up-adc for more information. | File: C:\All_SF\mlop\animerecom\src\data_ingestion.py | Line: 24
2025-04-29 10:56:43,711 - INFO - Data Ingestion DONE...
2025-04-29 10:58:00,463 - INFO - Succesfully read the YAML file
2025-04-29 10:58:00,464 - INFO - Data Ingestion Started....
2025-04-29 10:58:00,464 - INFO - Starting Data Ingestion Process....
2025-04-29 10:58:03,489 - WARNING - Compute Engine Metadata server unavailable on attempt 1 of 3. Reason: timed out
2025-04-29 10:58:07,422 - WARNING - Compute Engine Metadata server unavailable on attempt 2 of 3. Reason: timed out
2025-04-29 10:58:12,368 - WARNING - Compute Engine Metadata server unavailable on attempt 3 of 3. Reason: timed out
2025-04-29 10:58:12,368 - WARNING - Authentication failed using Compute Engine authentication due to unavailable metadata server.
2025-04-29 10:58:12,368 - ERROR - Error while downloading data from GCP
2025-04-29 10:58:12,369 - ERROR - CustomException : Failed to download data | Error: Your default credentials were not found. To set up Application Default Credentials, see https://cloud.google.com/docs/authentication/external/set-up-adc for more information. | File: C:\All_SF\mlop\animerecom\src\data_ingestion.py | Line: 24
2025-04-29 10:58:12,369 - INFO - Data Ingestion DONE...
2025-04-29 10:59:19,213 - INFO - Succesfully read the YAML file
2025-04-29 10:59:19,214 - INFO - Data Ingestion Started....
2025-04-29 10:59:19,214 - INFO - Starting Data Ingestion Process....
2025-04-29 10:59:22,229 - WARNING - Compute Engine Metadata server unavailable on attempt 1 of 3. Reason: timed out
2025-04-29 10:59:26,163 - WARNING - Compute Engine Metadata server unavailable on attempt 2 of 3. Reason: timed out
2025-04-29 10:59:31,355 - WARNING - Compute Engine Metadata server unavailable on attempt 3 of 3. Reason: timed out
2025-04-29 10:59:31,355 - WARNING - Authentication failed using Compute Engine authentication due to unavailable metadata server.
2025-04-29 10:59:31,355 - ERROR - Error while downloading data from GCP
2025-04-29 10:59:31,355 - ERROR - CustomException : Failed to download data | Error: Your default credentials were not found. To set up Application Default Credentials, see https://cloud.google.com/docs/authentication/external/set-up-adc for more information. | File: C:\All_SF\mlop\animerecom\src\data_ingestion.py | Line: 24
2025-04-29 10:59:31,355 - INFO - Data Ingestion DONE...
2025-04-29 11:01:04,909 - INFO - Succesfully read the YAML file
2025-04-29 11:01:04,910 - INFO - Data Ingestion Started....
2025-04-29 11:01:04,911 - INFO - Starting Data Ingestion Process....
2025-04-29 11:01:07,928 - WARNING - Compute Engine Metadata server unavailable on attempt 1 of 3. Reason: timed out
2025-04-29 11:01:11,965 - WARNING - Compute Engine Metadata server unavailable on attempt 2 of 3. Reason: timed out
2025-04-29 11:01:16,865 - WARNING - Compute Engine Metadata server unavailable on attempt 3 of 3. Reason: timed out
2025-04-29 11:01:16,865 - WARNING - Authentication failed using Compute Engine authentication due to unavailable metadata server.
2025-04-29 11:01:16,865 - ERROR - Error while downloading data from GCP
2025-04-29 11:01:16,865 - ERROR - CustomException : Failed to download data | Error: Your default credentials were not found. To set up Application Default Credentials, see https://cloud.google.com/docs/authentication/external/set-up-adc for more information. | File: C:\All_SF\mlop\animerecom\src\data_ingestion.py | Line: 24
2025-04-29 11:01:16,865 - INFO - Data Ingestion DONE...
2025-04-29 11:02:42,781 - INFO - Succesfully read the YAML file
2025-04-29 11:02:42,781 - INFO - Data Ingestion Started....
2025-04-29 11:02:42,781 - INFO - Starting Data Ingestion Process....
2025-04-29 11:02:45,795 - WARNING - Compute Engine Metadata server unavailable on attempt 1 of 3. Reason: timed out
2025-04-29 11:02:49,840 - WARNING - Compute Engine Metadata server unavailable on attempt 2 of 3. Reason: timed out
2025-04-29 11:02:54,820 - WARNING - Compute Engine Metadata server unavailable on attempt 3 of 3. Reason: timed out
2025-04-29 11:02:54,820 - WARNING - Authentication failed using Compute Engine authentication due to unavailable metadata server.
2025-04-29 11:02:54,820 - ERROR - Error while downloading data from GCP
2025-04-29 11:02:54,820 - ERROR - CustomException : Failed to download data | Error: Your default credentials were not found. To set up Application Default Credentials, see https://cloud.google.com/docs/authentication/external/set-up-adc for more information. | File: C:\All_SF\mlop\animerecom\src\data_ingestion.py | Line: 24
2025-04-29 11:02:54,820 - INFO - Data Ingestion DONE...
2025-04-29 11:05:38,691 - INFO - Succesfully read the YAML file
2025-04-29 11:05:38,691 - INFO - Data Ingestion Started....
2025-04-29 11:05:38,691 - INFO - Starting Data Ingestion Process....
2025-04-29 11:05:41,707 - WARNING - Compute Engine Metadata server unavailable on attempt 1 of 3. Reason: timed out
2025-04-29 11:05:45,711 - WARNING - Compute Engine Metadata server unavailable on attempt 2 of 3. Reason: timed out
2025-04-29 11:05:50,918 - WARNING - Compute Engine Metadata server unavailable on attempt 3 of 3. Reason: timed out
2025-04-29 11:05:50,918 - WARNING - Authentication failed using Compute Engine authentication due to unavailable metadata server.
2025-04-29 11:05:50,918 - ERROR - Error while downloading data from GCP
2025-04-29 11:05:50,918 - ERROR - CustomException : Failed to download data | Error: Your default credentials were not found. To set up Application Default Credentials, see https://cloud.google.com/docs/authentication/external/set-up-adc for more information. | File: C:\All_SF\mlop\animerecom\src\data_ingestion.py | Line: 24
2025-04-29 11:05:50,918 - INFO - Data Ingestion DONE...
2025-04-29 11:06:19,557 - INFO - Succesfully read the YAML file
2025-04-29 11:06:19,557 - INFO - Data Ingestion Started....
2025-04-29 11:06:19,557 - INFO - Starting Data Ingestion Process....
2025-04-29 11:06:22,575 - WARNING - Compute Engine Metadata server unavailable on attempt 1 of 3. Reason: timed out
2025-04-29 11:06:26,579 - WARNING - Compute Engine Metadata server unavailable on attempt 2 of 3. Reason: timed out
2025-04-29 11:06:31,545 - WARNING - Compute Engine Metadata server unavailable on attempt 3 of 3. Reason: timed out
2025-04-29 11:06:31,545 - WARNING - Authentication failed using Compute Engine authentication due to unavailable metadata server.
2025-04-29 11:06:31,545 - ERROR - Error while downloading data from GCP
2025-04-29 11:06:31,545 - ERROR - CustomException : Failed to download data | Error: Your default credentials were not found. To set up Application Default Credentials, see https://cloud.google.com/docs/authentication/external/set-up-adc for more information. | File: C:\All_SF\mlop\animerecom\src\data_ingestion.py | Line: 24
2025-04-29 11:06:31,545 - INFO - Data Ingestion DONE...
2025-04-29 11:07:18,670 - INFO - Succesfully read the YAML file
2025-04-29 11:07:18,670 - INFO - Data Ingestion Started....
2025-04-29 11:07:18,670 - INFO - Starting Data Ingestion Process....
2025-04-29 11:07:21,685 - WARNING - Compute Engine Metadata server unavailable on attempt 1 of 3. Reason: timed out
2025-04-29 11:07:25,709 - WARNING - Compute Engine Metadata server unavailable on attempt 2 of 3. Reason: timed out
2025-04-29 11:07:30,607 - WARNING - Compute Engine Metadata server unavailable on attempt 3 of 3. Reason: timed out
2025-04-29 11:07:30,607 - WARNING - Authentication failed using Compute Engine authentication due to unavailable metadata server.
2025-04-29 11:07:30,607 - ERROR - Error while downloading data from GCP
2025-04-29 11:07:30,607 - ERROR - CustomException : Failed to download data | Error: Your default credentials were not found. To set up Application Default Credentials, see https://cloud.google.com/docs/authentication/external/set-up-adc for more information. | File: C:\All_SF\mlop\animerecom\src\data_ingestion.py | Line: 24
2025-04-29 11:07:30,608 - INFO - Data Ingestion DONE...
2025-04-29 11:08:31,053 - INFO - Succesfully read the YAML file
2025-04-29 11:08:31,054 - INFO - Data Ingestion Started....
2025-04-29 11:08:31,054 - INFO - Starting Data Ingestion Process....
2025-04-29 11:08:35,086 - INFO - Downloading Smaller Files ie anime and anime_with synopsis
2025-04-29 11:08:38,819 - INFO - Downloading Smaller Files ie anime and anime_with synopsis
2025-04-29 11:18:56,848 - INFO - Large file detected Only downloading 5M rows
2025-04-29 11:18:56,873 - INFO - Data Ingestion Completed...
2025-04-29 11:18:56,874 - INFO - Data Ingestion DONE...
